SDL2_Application/app/build/outputs/logs/manifest-merger-debug-report.txt
-- Merging decision tree log ---
manifest
ADDED from src\main\AndroidManifest.xml:5:1-62:12
	package
		ADDED from src\main\AndroidManifest.xml:6:5-29
		INJECTED from src\main\AndroidManifest.xml
		INJECTED from src\main\AndroidManifest.xml
	android:versionName
		ADDED from src\main\AndroidManifest.xml:8:5-30
		INJECTED from src\main\AndroidManifest.xml
		INJECTED from src\main\AndroidManifest.xml
	android:versionCode
		ADDED from src\main\AndroidManifest.xml:7:5-28
		INJECTED from src\main\AndroidManifest.xml
		INJECTED from src\main\AndroidManifest.xml
	xmlns:android
		ADDED from src\main\AndroidManifest.xml:5:11-69
	android:installLocation
		ADDED from src\main\AndroidManifest.xml:9:5-35
uses-sdk
ADDED from src\main\AndroidManifest.xml:12:3-72
	android:targetSdkVersion
		ADDED from src\main\AndroidManifest.xml:12:40-69
		INJECTED from src\main\AndroidManifest.xml
		INJECTED from src\main\AndroidManifest.xml
	android:minSdkVersion
		ADDED from src\main\AndroidManifest.xml:12:13-39
		INJECTED from src\main\AndroidManifest.xml
		INJECTED from src\main\AndroidManifest.xml
uses-feature#0x00020000
ADDED from src\main\AndroidManifest.xml:15:3-52
	android:glEsVersion
		ADDED from src\main\AndroidManifest.xml:15:17-49
uses-permission#android.permission.WRITE_EXTERNAL_STORAGE
ADDED from src\main\AndroidManifest.xml:18:3-79
	android:name
		ADDED from src\main\AndroidManifest.xml:18:20-76
uses-permission#android.permission.VIBRATE
ADDED from src\main\AndroidManifest.xml:20:3-64
	android:name
		ADDED from src\main\AndroidManifest.xml:20:20-61
application
ADDED from src\main\AndroidManifest.xml:33:3-60:17
	android:label
		ADDED from src\main\AndroidManifest.xml:33:16-48
	android:hardwareAccelerated
		ADDED from src\main\AndroidManifest.xml:37:7-41
	android:allowBackup
		ADDED from src\main\AndroidManifest.xml:35:7-33
	android:icon
		ADDED from src\main\AndroidManifest.xml:34:7-41
	android:theme
		ADDED from src\main\AndroidManifest.xml:36:7-65
activity#org.libsdl.app.SDL2_Application
ADDED from src\main\AndroidManifest.xml:43:5-59:16
	android:label
		ADDED from src\main\AndroidManifest.xml:44:9-41
	android:configChanges
		ADDED from src\main\AndroidManifest.xml:45:9-79
	android:name
		ADDED from src\main\AndroidManifest.xml:43:15-46
intent-filter#android.intent.action.MAIN+android.intent.category.LAUNCHER
ADDED from src\main\AndroidManifest.xml:47:7-50:23
action#android.intent.action.MAIN
ADDED from src\main\AndroidManifest.xml:48:9-61
	android:name
		ADDED from src\main\AndroidManifest.xml:48:17-58
category#android.intent.category.LAUNCHER
ADDED from src\main\AndroidManifest.xml:49:9-69
	android:name
		ADDED from src\main\AndroidManifest.xml:49:19-66